<?xml version="1.0" encoding="UTF-8"?>
<!-- Generated by org.testng.reporters.JUnitReportReporter -->
<testsuite hostname="DESKTOP-F5EL4IS" failures="0" tests="1" name="test.TestAvianca" time="192.882" errors="0" timestamp="2021-07-19T09:24:39 COT" skipped="0">
  <testcase classname="test.TestAvianca" name="test" time="192.882"/>
  <system-out/>
</testsuite> <!-- test.TestAvianca -->
